app/build/intermediates/manifest_merge_blame_file/debug/manifest-merger-blame-debug-report.txt
1<?xml version="1.0" encoding="utf-8"?>
2<manifest xmlns:android="http://schemas.android.com/apk/res/android"
3    package="com.example.android060demo"
4    android:versionCode="1"
5    android:versionName="1.0" >
6
7    <uses-sdk
8        android:minSdkVersion="14"
8-->src/main/AndroidManifest.xml
9        android:targetSdkVersion="22" />
9-->src/main/AndroidManifest.xml
10
11    <uses-feature
11-->src/main/AndroidManifest.xml:7:2-9:11
12        android:name="android.hardware.usb.host"
12-->src/main/AndroidManifest.xml:7:16-56
13        android:sharedUserId="android.uid.system" />
13-->src/main/AndroidManifest.xml:8:9-50
14
15    <uses-permission android:name="android.permission.WRITE_EXTERNAL_STORAGE" />
15-->src/main/AndroidManifest.xml:11:5-81
15-->src/main/AndroidManifest.xml:11:22-78
16    <uses-permission android:name="android.permission.READ_OWNER_DATA" />
16-->src/main/AndroidManifest.xml:12:5-74
16-->src/main/AndroidManifest.xml:12:22-71
17    <uses-permission android:name="android.permission.WRITE_OWNER_DATA" />
17-->src/main/AndroidManifest.xml:13:5-75
17-->src/main/AndroidManifest.xml:13:22-72
18    <uses-permission android:name="android.permission.INTERNET" />
18-->src/main/AndroidManifest.xml:14:4-65
18-->src/main/AndroidManifest.xml:14:21-63
19    <uses-permission
19-->src/main/AndroidManifest.xml:16:5-18:36
20        android:name="android.hardware.usb.host"
20-->src/main/AndroidManifest.xml:17:9-49
21        android:required="false" />
21-->src/main/AndroidManifest.xml:18:9-33
22
23    <application
23-->src/main/AndroidManifest.xml:20:5-35:19
24        android:allowBackup="true"
24-->src/main/AndroidManifest.xml:21:9-35
25        android:debuggable="true"
26        android:icon="@drawable/ic_launcher"
26-->src/main/AndroidManifest.xml:22:9-45
27        android:label="@string/app_name"
27-->src/main/AndroidManifest.xml:23:9-41
28        android:testOnly="true"
29        android:theme="@style/AppTheme" >
29-->src/main/AndroidManifest.xml:24:9-40
30        <activity
30-->src/main/AndroidManifest.xml:25:9-34:20
31            android:name="com.example.android060demo.MainActivity"
31-->src/main/AndroidManifest.xml:26:13-67
32            android:label="@string/app_name"
32-->src/main/AndroidManifest.xml:28:13-45
33            android:screenOrientation="portrait" >
33-->src/main/AndroidManifest.xml:27:14-50
34            <intent-filter>
34-->src/main/AndroidManifest.xml:29:13-33:29
35                <action android:name="android.intent.action.MAIN" />
35-->src/main/AndroidManifest.xml:30:17-69
35-->src/main/AndroidManifest.xml:30:25-66
36
37                <category android:name="android.intent.category.LAUNCHER" />
37-->src/main/AndroidManifest.xml:32:17-77
37-->src/main/AndroidManifest.xml:32:27-74
38            </intent-filter>
39        </activity>
40    </application>
41
42</manifest>